without flags---------------------------
0000000 064563 070155 062554 063040 066151 020145 027070 067151
0000020 000012
0000021
flag = -a---------------------------
0000000   s   i   m   p   l   e  sp   f   i   l   e  sp   8   .   i   n
0000020  nl
0000021
flag = -b---------------------------
0000000 163 151 155 160 154 145 040 146 151 154 145 040 070 056 151 156
0000020 012
0000021
flag = -c---------------------------
0000000   s   i   m   p   l   e       f   i   l   e       8   .   i   n
0000020  \n
0000021
flag = -d---------------------------
0000000 26995 28781 25964 26144 27753  8293 11832 28265
0000020    10
0000021
flag = -f---------------------------
0000000   2,9390171e+29   1,8936239e+23   1,9432924e-19    1,804147e+28
0000020         1,4e-44
0000021
